<?xml version="1.0" encoding="UTF-8"?>
<testng-results skipped="0" failed="0" ignored="0" total="1" passed="1">
  <reporter-output>
  </reporter-output>
  <suite name="Default suite" duration-ms="16303" started-at="2020-04-27T12:32:36Z" finished-at="2020-04-27T12:32:52Z">
    <groups>
    </groups>
    <test name="Default test" duration-ms="16303" started-at="2020-04-27T12:32:36Z" finished-at="2020-04-27T12:32:52Z">
      <class name="TestNG_WithBS">
        <test-method status="PASS" signature="beforeMethod()[pri:0, instance:TestNG_WithBS@2aece37d]" name="beforeMethod" is-config="true" duration-ms="11" started-at="2020-04-27T18:02:36Z" finished-at="2020-04-27T18:02:36Z">
          <reporter-output>
          </reporter-output>
        </test-method> <!-- beforeMethod -->
        <test-method status="PASS" signature="TestGoogleLauchWithBS()[pri:0, instance:TestNG_WithBS@2aece37d]" name="TestGoogleLauchWithBS" duration-ms="16246" started-at="2020-04-27T18:02:36Z" finished-at="2020-04-27T18:02:52Z">
          <reporter-output>
          </reporter-output>
        </test-method> <!-- TestGoogleLauchWithBS -->
      </class> <!-- TestNG_WithBS -->
    </test> <!-- Default test -->
  </suite> <!-- Default suite -->
</testng-results>
