<?xml version="1.0" encoding="UTF-8"?>
<testng-results skipped="0" failed="0" ignored="1" total="2" passed="1">
  <reporter-output>
  </reporter-output>
  <suite name="Default suite" duration-ms="208112" started-at="2020-04-29T10:21:41Z" finished-at="2020-04-29T10:25:09Z">
    <groups>
    </groups>
    <test name="Default test" duration-ms="208112" started-at="2020-04-29T10:21:41Z" finished-at="2020-04-29T10:25:09Z">
      <class name="TestNG_WithBS">
        <test-method status="PASS" signature="beforeMethod()[pri:0, instance:TestNG_WithBS@5762806e]" name="beforeMethod" is-config="true" duration-ms="31" started-at="2020-04-29T15:51:41Z" finished-at="2020-04-29T15:51:41Z">
          <reporter-output>
          </reporter-output>
        </test-method> <!-- beforeMethod -->
        <test-method status="PASS" signature="MobileTest()[pri:0, instance:TestNG_WithBS@5762806e]" name="MobileTest" duration-ms="208001" started-at="2020-04-29T15:51:41Z" finished-at="2020-04-29T15:55:09Z">
          <reporter-output>
          </reporter-output>
        </test-method> <!-- MobileTest -->
      </class> <!-- TestNG_WithBS -->
    </test> <!-- Default test -->
  </suite> <!-- Default suite -->
</testng-results>
